2025-09-15 08:41:09,966 - INFO - 开始生成 100 个正样本...
2025-09-15 08:41:26,127 - INFO - 已生成 10 个正样本
2025-09-15 08:41:42,541 - INFO - 已生成 20 个正样本
2025-09-15 08:41:59,359 - INFO - 已生成 30 个正样本
2025-09-15 08:42:17,921 - INFO - 已生成 40 个正样本
2025-09-15 08:42:33,864 - INFO - 已生成 50 个正样本
2025-09-15 08:42:49,096 - INFO - 已生成 60 个正样本
2025-09-15 08:43:03,692 - INFO - 已生成 70 个正样本
2025-09-15 08:43:17,667 - INFO - 已生成 80 个正样本
2025-09-15 08:43:31,897 - INFO - 已生成 90 个正样本
2025-09-15 08:43:49,408 - INFO - 已生成 100 个正样本
2025-09-15 08:43:49,689 - INFO - 正样本生成完成，共 100 个文件
2025-09-15 08:43:49,689 - INFO - 开始生成 200 个负样本...
2025-09-15 08:44:20,267 - INFO - 已生成 20 个负样本
2025-09-15 08:44:49,845 - INFO - 已生成 40 个负样本
2025-09-15 08:45:16,048 - INFO - 已生成 60 个负样本
2025-09-15 08:45:44,296 - INFO - 已生成 80 个负样本
2025-09-15 08:46:14,287 - INFO - 已生成 100 个负样本
2025-09-15 08:46:42,044 - INFO - 已生成 120 个负样本
2025-09-15 08:47:13,815 - INFO - 已生成 140 个负样本
2025-09-15 08:47:43,468 - INFO - 已生成 160 个负样本
2025-09-15 08:48:16,668 - INFO - 已生成 180 个负样本
2025-09-15 08:48:47,175 - INFO - 已生成 200 个负样本
2025-09-15 08:48:47,430 - INFO - 负样本生成完成，共 200 个文件
2025-09-15 08:48:47,432 - INFO - 元数据已保存到: training_data/korean_wake_word_tts/metadata.json
