2025-09-15 09:59:11,840 - INFO - 初始化训练器
2025-09-15 09:59:11,840 - INFO - 数据目录: scripts/training_data/korean_wake_word_tts
2025-09-15 09:59:11,841 - INFO - 输出目录: models/korean_wake_word_v1
2025-09-15 09:59:11,841 - INFO - 开始加载数据集...
2025-09-15 09:59:11,841 - INFO - 加载正样本从: scripts/training_data/korean_wake_word_tts/positive
2025-09-15 09:59:11,841 - INFO - 找到 100 个正样本文件
2025-09-15 09:59:23,734 - INFO - 已处理 20 个正样本
2025-09-15 09:59:23,854 - INFO - 已处理 40 个正样本
2025-09-15 09:59:23,980 - INFO - 已处理 60 个正样本
2025-09-15 09:59:24,126 - INFO - 已处理 80 个正样本
2025-09-15 09:59:24,258 - INFO - 已处理 100 个正样本
2025-09-15 09:59:24,258 - INFO - 加载负样本从: scripts/training_data/korean_wake_word_tts/negative
2025-09-15 09:59:24,258 - INFO - 找到 200 个负样本文件
2025-09-15 09:59:24,556 - INFO - 已处理 50 个负样本
2025-09-15 09:59:24,921 - INFO - 已处理 100 个负样本
2025-09-15 09:59:25,233 - INFO - 已处理 150 个负样本
2025-09-15 09:59:25,531 - INFO - 已处理 200 个负样本
2025-09-15 09:59:25,531 - INFO - 数据集加载完成:
2025-09-15 09:59:25,531 - INFO -   总样本数: 300
2025-09-15 09:59:25,532 - INFO -   正样本数: 100
2025-09-15 09:59:25,532 - INFO -   负样本数: 200
2025-09-15 09:59:25,532 - INFO -   特征维度: 224
2025-09-15 09:59:25,532 - INFO - 开始训练模型...
2025-09-15 09:59:25,533 - INFO - 训练集大小: 240
2025-09-15 09:59:25,533 - INFO - 测试集大小: 60
2025-09-15 09:59:25,533 - INFO - 开始训练随机森林模型...
2025-09-15 09:59:25,594 - INFO - 模型训练完成，耗时: 0.06 秒
2025-09-15 09:59:25,621 - INFO - 测试集准确率: 1.0000
2025-09-15 09:59:25,623 - INFO - 分类报告:
2025-09-15 09:59:25,624 - INFO - 
              precision    recall  f1-score   support

           0       1.00      1.00      1.00        40
           1       1.00      1.00      1.00        20

    accuracy                           1.00        60
   macro avg       1.00      1.00      1.00        60
weighted avg       1.00      1.00      1.00        60

2025-09-15 09:59:25,624 - INFO - 混淆矩阵:
2025-09-15 09:59:25,624 - INFO - 
[[40  0]
 [ 0 20]]
2025-09-15 09:59:25,638 - INFO - 前10个重要特征:
2025-09-15 09:59:25,638 - INFO -   特征 212: 0.0734
2025-09-15 09:59:25,638 - INFO -   特征 181: 0.0653
2025-09-15 09:59:25,638 - INFO -   特征 197: 0.0612
2025-09-15 09:59:25,638 - INFO -   特征 204: 0.0429
2025-09-15 09:59:25,638 - INFO -   特征 10: 0.0403
2025-09-15 09:59:25,638 - INFO -   特征 199: 0.0398
2025-09-15 09:59:25,638 - INFO -   特征 85: 0.0382
2025-09-15 09:59:25,638 - INFO -   特征 182: 0.0362
2025-09-15 09:59:25,638 - INFO -   特征 220: 0.0284
2025-09-15 09:59:25,638 - INFO -   特征 173: 0.0284
2025-09-15 09:59:25,638 - INFO - 保存模型...
2025-09-15 09:59:25,648 - INFO - 模型已保存到: models/korean_wake_word_v1/korean_wake_word_model.joblib
2025-09-15 09:59:25,648 - INFO - 模型元数据已保存到: models/korean_wake_word_v1/model_metadata.json
2025-09-15 09:59:25,648 - INFO - 推理脚本已保存到: models/korean_wake_word_v1/inference.py
2025-09-15 09:59:25,648 - INFO - 🎉 训练完成!
2025-09-15 09:59:25,648 - INFO - 📁 模型文件: models/korean_wake_word_v1/korean_wake_word_model.joblib
2025-09-15 09:59:25,648 - INFO - 📊 准确率: 1.0000
2025-09-15 09:59:25,648 - INFO - ⏱️  训练时间: 0.06 秒
